<?xml version="1.0" encoding="utf-8"?><testsuites name="pytest tests"><testsuite name="pytest" errors="0" failures="0" skipped="1" tests="38" time="0.870" timestamp="2026-08-26T15:23:56.516876+00:00" hostname="agent-env-264cc22c-8080-465e-9409-293bd371f7a4"><testcase classname="tests.test_php_string_ids.TestRepairCycle" name="test_01_create_with_string_fk" time="0.133" /><testcase classname="tests.test_php_string_ids.TestPublicAndReview" name="test_01_create_repair" time="0.138" /><testcase classname="tests.test_php_string_ids.TestRepairCycle" name="test_02_status_ready" time="0.008" /><testcase classname="tests.test_php_string_ids.TestPublicAndReview" name="test_02_public_status_no_auth" time="0.004" /><testcase classname="tests.test_php_string_ids.TestRepairCycle" name="test_03_status_picked_up" time="0.006" /><testcase classname="tests.test_php_string_ids.TestPublicAndReview" name="test_02b_mark_picked_up" time="0.009" /><testcase classname="tests.test_php_string_ids.TestRepairCycle" name="test_04_invalid_status_rejected" time="0.004" /><testcase classname="tests.test_php_string_ids.TestPublicAndReview" name="test_03_public_rating_submit" time="0.004" /><testcase classname="tests.test_php_string_ids.TestRepairCycle" name="test_05_field_update" time="0.008" /><testcase classname="tests.test_php_string_ids.TestPublicAndReview" name="test_04_admin_reply_string_id" time="0.007" /><testcase classname="tests.test_php_string_ids.TestRepairCycle" name="test_06_list_and_filter" time="0.005" /><testcase classname="tests.test_php_string_ids.TestPublicAndReview" name="test_05_cleanup" time="0.004" /><testcase classname="tests.test_php_string_ids.TestRepairCycle" name="test_07_payment_add_and_delete" time="0.019" /><testcase classname="tests.test_php_string_ids.TestCustomerStringIdCycle" name="test_01_create_with_client_id" time="0.007" /><testcase classname="tests.test_php_string_ids.TestCustomerStringIdCycle" name="test_02_update_string_id" time="0.008" /><testcase classname="tests.test_php_string_ids.TestCustomerStringIdCycle" name="test_03_get_persisted" time="0.001" /><testcase classname="tests.test_php_string_ids.TestRepairCycle" name="test_08_parts_add_and_delete" time="0.009" /><testcase classname="tests.test_php_string_ids.TestCustomerStringIdCycle" name="test_04_list_ids_are_strings" time="0.004" /><testcase classname="tests.test_php_string_ids.TestCustomerStringIdCycle" name="test_05_delete_string_id" time="0.012" /><testcase classname="tests.test_php_string_ids.TestRepairCycle" name="test_09_delete_repair" time="0.008" /><testcase classname="tests.test_php_string_ids.TestUserCycle" name="test_01_create" time="0.064" /><testcase classname="tests.test_php_string_ids.TestSparepartCycle" name="test_01_create" time="0.067" /><testcase classname="tests.test_php_string_ids.TestUserCycle" name="test_02_update" time="0.007" /><testcase classname="tests.test_php_string_ids.TestSparepartCycle" name="test_02_update_stock" time="0.007" /><testcase classname="tests.test_php_string_ids.TestUserCycle" name="test_03_new_user_can_login" time="0.062" /><testcase classname="tests.test_php_string_ids.TestSparepartCycle" name="test_03_get_and_list_strings" time="0.059" /><testcase classname="tests.test_php_string_ids.TestUserCycle" name="test_04_delete" time="0.009" /><testcase classname="tests.test_php_string_ids.TestSparepartCycle" name="test_04_delete" time="0.009" /><testcase classname="tests.test_php_string_ids.TestRepairUpdateContract" name="test_01_create" time="0.005" /><testcase classname="tests.test_php_string_ids.TestAuth" name="test_login_ok" time="0.000" /><testcase classname="tests.test_php_string_ids.TestAuth" name="test_login_bad_password" time="0.063" /><testcase classname="tests.test_php_string_ids.TestRepairUpdateContract" name="test_02_full_object_put_drops_field_edits" time="0.063" /><testcase classname="tests.test_php_string_ids.TestAuth" name="test_unauthenticated_list_rejected" time="0.003" /><testcase classname="tests.test_php_string_ids.TestGuards" name="test_put_without_id" time="0.001" /><testcase classname="tests.test_php_string_ids.TestRepairUpdateContract" name="test_03_cleanup" time="0.005" /><testcase classname="tests.test_php_string_ids.TestGuards" name="test_delete_without_id" time="0.005" /><testcase classname="tests.test_php_string_ids.TestSettings" name="test_update_and_persist" time="0.005" /><testcase classname="tests.test_php_string_ids.TestDashboard" name="test_dashboard" time="0.005"><skipped type="pytest.skip" message="stats.php uses MySQL-only DATE_FORMAT/DATE_SUB/CURDATE - cannot run on the SQLite test harness (env limitation)">/app/backend/tests/test_php_string_ids.py:259: stats.php uses MySQL-only DATE_FORMAT/DATE_SUB/CURDATE - cannot run on the SQLite test harness (env limitation)</skipped></testcase></testsuite></testsuites>