<?xml version="1.0" encoding="utf-8"?><testsuites name="pytest tests"><testsuite name="pytest" errors="0" failures="0" skipped="1" tests="85" time="6.110" timestamp="2026-08-26T15:39:37.460246+00:00" hostname="agent-env-264cc22c-8080-465e-9409-293bd371f7a4"><testcase classname="tests.test_php_string_ids.TestAuth" name="test_login_ok" time="0.062" /><testcase classname="tests.test_php_string_ids.TestAuth" name="test_login_bad_password" time="0.063" /><testcase classname="tests.test_php_string_ids.TestAuth" name="test_unauthenticated_list_rejected" time="0.002" /><testcase classname="tests.test_php_string_ids.TestCustomerStringIdCycle" name="test_01_create_with_client_id" time="0.007" /><testcase classname="tests.test_php_string_ids.TestCustomerStringIdCycle" name="test_02_update_string_id" time="0.006" /><testcase classname="tests.test_php_string_ids.TestCustomerStringIdCycle" name="test_03_get_persisted" time="0.002" /><testcase classname="tests.test_php_string_ids.TestCustomerStringIdCycle" name="test_04_list_ids_are_strings" time="0.001" /><testcase classname="tests.test_php_string_ids.TestCustomerStringIdCycle" name="test_05_delete_string_id" time="0.007" /><testcase classname="tests.test_php_string_ids.TestSparepartCycle" name="test_01_create" time="0.006" /><testcase classname="tests.test_php_string_ids.TestSparepartCycle" name="test_02_update_stock" time="0.006" /><testcase classname="tests.test_php_string_ids.TestSparepartCycle" name="test_03_get_and_list_strings" time="0.002" /><testcase classname="tests.test_php_string_ids.TestSparepartCycle" name="test_04_delete" time="0.005" /><testcase classname="tests.test_php_string_ids.TestUserCycle" name="test_01_create" time="0.066" /><testcase classname="tests.test_php_string_ids.TestUserCycle" name="test_02_update" time="0.005" /><testcase classname="tests.test_php_string_ids.TestUserCycle" name="test_03_new_user_can_login" time="0.060" /><testcase classname="tests.test_php_string_ids.TestUserCycle" name="test_04_delete" time="0.006" /><testcase classname="tests.test_php_string_ids.TestRepairCycle" name="test_01_create_with_string_fk" time="0.005" /><testcase classname="tests.test_php_string_ids.TestRepairCycle" name="test_02_status_ready" time="0.005" /><testcase classname="tests.test_php_string_ids.TestRepairCycle" name="test_03_status_picked_up" time="0.005" /><testcase classname="tests.test_php_string_ids.TestRepairCycle" name="test_04_invalid_status_rejected" time="0.001" /><testcase classname="tests.test_php_string_ids.TestRepairCycle" name="test_05_field_update" time="0.006" /><testcase classname="tests.test_php_string_ids.TestRepairCycle" name="test_06_list_and_filter" time="0.003" /><testcase classname="tests.test_php_string_ids.TestRepairCycle" name="test_07_payment_add_and_delete" time="0.012" /><testcase classname="tests.test_php_string_ids.TestRepairCycle" name="test_08_parts_add_and_delete" time="0.010" /><testcase classname="tests.test_php_string_ids.TestRepairCycle" name="test_09_delete_repair" time="0.009" /><testcase classname="tests.test_php_string_ids.TestSettings" name="test_update_and_persist" time="0.002" /><testcase classname="tests.test_php_string_ids.TestDashboard" name="test_dashboard" time="0.001"><skipped type="pytest.skip" message="stats.php uses MySQL-only DATE_FORMAT/DATE_SUB/CURDATE - cannot run on the SQLite test harness (env limitation)">/app/backend/tests/test_php_string_ids.py:259: stats.php uses MySQL-only DATE_FORMAT/DATE_SUB/CURDATE - cannot run on the SQLite test harness (env limitation)</skipped></testcase><testcase classname="tests.test_php_string_ids.TestPublicAndReview" name="test_01_create_repair" time="0.006" /><testcase classname="tests.test_php_string_ids.TestPublicAndReview" name="test_02_public_status_no_auth" time="0.002" /><testcase classname="tests.test_php_string_ids.TestPublicAndReview" name="test_02b_mark_picked_up" time="0.004" /><testcase classname="tests.test_php_string_ids.TestPublicAndReview" name="test_03_public_rating_submit" time="0.004" /><testcase classname="tests.test_php_string_ids.TestPublicAndReview" name="test_04_admin_reply_string_id" time="0.006" /><testcase classname="tests.test_php_string_ids.TestPublicAndReview" name="test_05_cleanup" time="0.006" /><testcase classname="tests.test_php_string_ids.TestGuards" name="test_put_without_id" time="0.002" /><testcase classname="tests.test_php_string_ids.TestGuards" name="test_delete_without_id" time="0.001" /><testcase classname="tests.test_php_string_ids.TestRepairUpdateContract" name="test_01_create" time="0.005" /><testcase classname="tests.test_php_string_ids.TestRepairUpdateContract" name="test_02_full_object_put_drops_field_edits" time="0.007" /><testcase classname="tests.test_php_string_ids.TestRepairUpdateContract" name="test_03_cleanup" time="0.007" /><testcase classname="tests.test_php_iteration11.TestFullObjectPut" name="test_01_create" time="0.067" /><testcase classname="tests.test_php_iteration11.TestFullObjectPut" name="test_02_status_plus_fields_both_persist" time="0.009" /><testcase classname="tests.test_php_iteration11.TestFullObjectPut" name="test_03_status_only_put_keeps_fields" time="0.006" /><testcase classname="tests.test_php_iteration11.TestFullObjectPut" name="test_04_cleanup" time="0.004" /><testcase classname="tests.test_php_iteration11.TestTimestampNoRestamp" name="test_01_create" time="0.007" /><testcase classname="tests.test_php_iteration11.TestTimestampNoRestamp" name="test_02_completed_at_not_restamped" time="2.010" /><testcase classname="tests.test_php_iteration11.TestTimestampNoRestamp" name="test_03_picked_up_at_not_restamped" time="2.007" /><testcase classname="tests.test_php_iteration11.TestTimestampNoRestamp" name="test_04_cleanup" time="0.005" /><testcase classname="tests.test_php_iteration11.TestReplyAuth" name="test_01_setup_repair_with_rating" time="0.017" /><testcase classname="tests.test_php_iteration11.TestReplyAuth" name="test_02_unauth_reply_401" time="0.001" /><testcase classname="tests.test_php_iteration11.TestReplyAuth" name="test_03_non_admin_reply_403" time="0.127" /><testcase classname="tests.test_php_iteration11.TestReplyAuth" name="test_04_admin_reply_200_and_persists" time="0.008" /><testcase classname="tests.test_php_iteration11.TestReplyAuth" name="test_05_empty_reply_rejected" time="0.001" /><testcase classname="tests.test_php_iteration11.TestReplyAuth" name="test_06_too_long_reply_rejected" time="0.001" /><testcase classname="tests.test_php_iteration11.TestReplyAuth" name="test_07_reply_on_unrated_ticket_400" time="0.012" /><testcase classname="tests.test_php_iteration11.TestReplyAuth" name="test_08_reply_unknown_ticket_404" time="0.002" /><testcase classname="tests.test_php_iteration11.TestReplyAuth" name="test_09_non_admin_delete_403" time="0.001" /><testcase classname="tests.test_php_iteration11.TestReplyAuth" name="test_10_admin_delete_reply_200" time="0.006" /><testcase classname="tests.test_php_iteration11.TestReplyAuth" name="test_11_cleanup" time="0.004" /><testcase classname="tests.test_php_iteration11.TestNoErrorLeak" name="test_01_stats_php_error_is_generic" time="0.002" /><testcase classname="tests.test_php_iteration11.TestNoErrorLeak" name="test_02_bad_json_body_no_leak" time="0.001" /><testcase classname="tests.test_php_iteration11.TestNoErrorLeak" name="test_03_method_not_allowed" time="0.005" /><testcase classname="tests.test_php_iteration12.TestRepairPartialPut" name="test_01_create" time="0.067" /><testcase classname="tests.test_php_iteration12.TestRepairPartialPut" name="test_02_notes_only_put_keeps_everything" time="0.006" /><testcase classname="tests.test_php_iteration12.TestRepairPartialPut" name="test_03_service_fee_only_put" time="0.006" /><testcase classname="tests.test_php_iteration12.TestRepairPartialPut" name="test_04_technician_only_put" time="0.008" /><testcase classname="tests.test_php_iteration12.TestRepairPartialPut" name="test_05_status_only_put_keeps_fields" time="0.006" /><testcase classname="tests.test_php_iteration12.TestRepairPartialPut" name="test_06_empty_string_still_clears_when_explicit" time="0.007" /><testcase classname="tests.test_php_iteration12.TestRepairPartialPut" name="test_07_full_object_put_persists_everything" time="0.010" /><testcase classname="tests.test_php_iteration12.TestRepairPartialPut" name="test_08_empty_body_put_is_noop" time="0.004" /><testcase classname="tests.test_php_iteration12.TestRepairPartialPut" name="test_09_cleanup" time="0.007" /><testcase classname="tests.test_php_iteration12.TestUsersSelfPut" name="test_01_setup_users" time="0.130" /><testcase classname="tests.test_php_iteration12.TestUsersSelfPut" name="test_02_self_password_change_returns_200" time="0.124" /><testcase classname="tests.test_php_iteration12.TestUsersSelfPut" name="test_03_login_with_new_password" time="0.120" /><testcase classname="tests.test_php_iteration12.TestUsersSelfPut" name="test_04_self_phone_update" time="0.065" /><testcase classname="tests.test_php_iteration12.TestUsersSelfPut" name="test_05_non_admin_put_other_user_403" time="0.181" /><testcase classname="tests.test_php_iteration12.TestUsersSelfPut" name="test_06_non_admin_cannot_self_promote_role" time="0.127" /><testcase classname="tests.test_php_iteration12.TestUsersSelfPut" name="test_07_non_admin_cannot_change_own_full_name_silently_wipe" time="0.063" /><testcase classname="tests.test_php_iteration12.TestUsersSelfPut" name="test_08_unauth_put_401" time="0.002" /><testcase classname="tests.test_php_iteration12.TestUsersSelfPut" name="test_09_admin_partial_put_keeps_role_and_full_name" time="0.008" /><testcase classname="tests.test_php_iteration12.TestUsersSelfPut" name="test_10_admin_password_only_put_keeps_role" time="0.125" /><testcase classname="tests.test_php_iteration12.TestUsersSelfPut" name="test_11_admin_can_change_role_and_full_name" time="0.006" /><testcase classname="tests.test_php_iteration12.TestUsersSelfPut" name="test_12_admin_invalid_role_rejected" time="0.002" /><testcase classname="tests.test_php_iteration12.TestUsersSelfPut" name="test_13_put_without_id_400" time="0.001" /><testcase classname="tests.test_php_iteration12.TestUsersSelfPut" name="test_13b_cashier_self_password_change" time="0.183" /><testcase classname="tests.test_php_iteration12.TestUsersSelfPut" name="test_14_cleanup" time="0.010" /><testcase classname="tests.test_php_iteration12.TestNoLeakRegression" name="test_01_stats_generic_error" time="0.002" /></testsuite></testsuites>