<?xml version="1.0" encoding="utf-8"?><testsuites name="pytest tests"><testsuite name="pytest" errors="0" failures="0" skipped="0" tests="11" time="1.726" timestamp="2026-08-18T18:07:20.698986+00:00" hostname="agent-env-264cc22c-8080-465e-9409-293bd371f7a4"><testcase classname="tests.backend_test.TestPublicSync" name="test_get_missing_returns_404" time="0.198" /><testcase classname="tests.backend_test.TestPublicRating" name="test_rate_requires_picked_up" time="0.333" /><testcase classname="tests.backend_test.TestPublicSync" name="test_post_and_get" time="0.377" /><testcase classname="tests.backend_test.TestPublicRating" name="test_rate_out_of_range" time="0.163" /><testcase classname="tests.backend_test.TestPublicRating" name="test_rate_success" time="0.163" /><testcase classname="tests.backend_test.TestPublicSync" name="test_update_status_persists" time="0.144" /><testcase classname="tests.backend_test.TestPublicRating" name="test_rate_duplicate_conflict" time="0.090" /><testcase classname="tests.backend_test.TestPublicSync" name="test_only_if_new_does_not_overwrite" time="0.181" /><testcase classname="tests.backend_test.TestPublicRating" name="test_rate_missing_ticket" time="0.078" /><testcase classname="tests.backend_test.TestHealth" name="test_api_root" time="0.125" /><testcase classname="tests.backend_test.TestPublicSync" name="test_only_if_new_inserts_new" time="0.186" /></testsuite></testsuites>