<?xml version="1.0" encoding="utf-8"?><testsuites name="pytest tests"><testsuite name="pytest" errors="0" failures="0" skipped="0" tests="18" time="1.696" timestamp="2026-08-19T05:22:23.582319+00:00" hostname="agent-env-264cc22c-8080-465e-9409-293bd371f7a4"><testcase classname="tests.backend_test.TestReviewsAndReply" name="test_setup_and_rate" time="0.435" /><testcase classname="tests.backend_test.TestPublicSync" name="test_get_missing_returns_404" time="0.309" /><testcase classname="tests.backend_test.TestPublicSync" name="test_post_and_get" time="0.108" /><testcase classname="tests.backend_test.TestPublicSync" name="test_update_status_persists" time="0.143" /><testcase classname="tests.backend_test.TestReviewsAndReply" name="test_list_reviews_includes_new" time="0.055" /><testcase classname="tests.backend_test.TestReviewsAndReply" name="test_reply_requires_existing_rating" time="0.172" /><testcase classname="tests.backend_test.TestPublicSync" name="test_only_if_new_does_not_overwrite" time="0.142" /><testcase classname="tests.backend_test.TestReviewsAndReply" name="test_reply_missing_ticket_404" time="0.095" /><testcase classname="tests.backend_test.TestPublicSync" name="test_only_if_new_inserts_new" time="0.105" /><testcase classname="tests.backend_test.TestReviewsAndReply" name="test_submit_and_persist_reply" time="0.161" /><testcase classname="tests.backend_test.TestPublicRating" name="test_rate_requires_picked_up" time="0.105" /><testcase classname="tests.backend_test.TestPublicRating" name="test_rate_out_of_range" time="0.100" /><testcase classname="tests.backend_test.TestReviewsAndReply" name="test_empty_reply_deletes" time="0.151" /><testcase classname="tests.backend_test.TestPublicRating" name="test_rate_success" time="0.102" /><testcase classname="tests.backend_test.TestReviewsAndReply" name="test_reply_too_long" time="0.094" /><testcase classname="tests.backend_test.TestPublicRating" name="test_rate_duplicate_conflict" time="0.050" /><testcase classname="tests.backend_test.TestHealth" name="test_api_root" time="0.053" /><testcase classname="tests.backend_test.TestPublicRating" name="test_rate_missing_ticket" time="0.051" /></testsuite></testsuites>